<?xml version="1.0" encoding="UTF-8"?>
<!-- Generated by org.testng.reporters.JUnitXMLReporter -->
<testsuite ignored="0" hostname="sara" failures="3" tests="4" name="Search_Box" time="18.08" errors="0" timestamp="2022-05-09T22:22:45 EDT">
  <testcase classname="io.cucumber.testng.AbstractTestNGCucumberTests" name="runScenario" time="4.849">
    <failure type="java.lang.IllegalArgumentException" message="Key Down / Up events only make sense for modifier keys.">
      <![CDATA[java.lang.IllegalArgumentException: Key Down / Up events only make sense for modifier keys.
at org.openqa.selenium.interactions.internal.SingleKeyAction.<init>(SingleKeyAction.java:49)
at org.openqa.selenium.interactions.internal.SingleKeyAction.<init>(SingleKeyAction.java:37)
at org.openqa.selenium.interactions.KeyDownAction.<init>(KeyDownAction.java:41)
at org.openqa.selenium.interactions.Actions.keyDown(Actions.java:92)
at extentReport.stepDefs.DellStepDef.user_enters_in_the_search_box(DellStepDef.java:42)
at ✽.user enters "Laptop" in the search box(file:///C:/project/extentReport/extentReport/Features/dellSearch.feature:6)
]]>
    </failure>
  </testcase> <!-- runScenario -->
  <testcase classname="io.cucumber.testng.AbstractTestNGCucumberTests" name="runScenario" time="4.641">
    <failure type="java.lang.IllegalArgumentException" message="Key Down / Up events only make sense for modifier keys.">
      <![CDATA[java.lang.IllegalArgumentException: Key Down / Up events only make sense for modifier keys.
at org.openqa.selenium.interactions.internal.SingleKeyAction.<init>(SingleKeyAction.java:49)
at org.openqa.selenium.interactions.internal.SingleKeyAction.<init>(SingleKeyAction.java:37)
at org.openqa.selenium.interactions.KeyDownAction.<init>(KeyDownAction.java:41)
at org.openqa.selenium.interactions.Actions.keyDown(Actions.java:92)
at extentReport.stepDefs.DellStepDef.user_enters_in_the_search_box(DellStepDef.java:42)
at ✽.user enters "Gaming Laptop" in the search box(file:///C:/project/extentReport/extentReport/Features/dellSearch.feature:6)
]]>
    </failure>
  </testcase> <!-- runScenario -->
  <testcase classname="io.cucumber.testng.AbstractTestNGCucumberTests" name="runScenario" time="4.947">
    <failure type="java.lang.IllegalArgumentException" message="Key Down / Up events only make sense for modifier keys.">
      <![CDATA[java.lang.IllegalArgumentException: Key Down / Up events only make sense for modifier keys.
at org.openqa.selenium.interactions.internal.SingleKeyAction.<init>(SingleKeyAction.java:49)
at org.openqa.selenium.interactions.internal.SingleKeyAction.<init>(SingleKeyAction.java:37)
at org.openqa.selenium.interactions.KeyDownAction.<init>(KeyDownAction.java:41)
at org.openqa.selenium.interactions.Actions.keyDown(Actions.java:92)
at extentReport.stepDefs.DellStepDef.user_enters_in_the_search_box(DellStepDef.java:42)
at ✽.user enters "camera" in the search box(file:///C:/project/extentReport/extentReport/Features/dellSearch.feature:6)
]]>
    </failure>
  </testcase> <!-- runScenario -->
  <testcase classname="io.cucumber.testng.AbstractTestNGCucumberTests" name="runScenario" time="2.974"/>
</testsuite> <!-- Search_Box -->
